2024-04-25 12:34:59 INFO  Moneycontrol:26 - open URL
  2024-04-25 12:35:35 WARN  Moneycontrol:30 - Wait for 3 sec
  2024-04-25 12:35:40 INFO  Moneycontrol:32 - Reliance industries
  2024-04-25 12:35:44 WARN  Moneycontrol:37 - Wait for 3 sec
  2024-04-25 12:39:48 INFO  Moneycontrol:26 - open URL
  2024-04-25 12:40:25 WARN  Moneycontrol:30 - Wait for 3 sec
  2024-04-25 12:40:41 INFO  Moneycontrol:32 - Reliance industries
  2024-04-25 12:40:44 WARN  Moneycontrol:37 - Wait for 3 sec
  2024-04-25 12:40:47 INFO  Moneycontrol:39 - SIP return
  2024-04-25 12:40:49 INFO  Moneycontrol:43 - Axis Mutual Fund
  2024-04-25 12:40:50 INFO  Moneycontrol:47 - Axis Arbitrage Fund - Regular plan
  2024-04-25 12:40:50 INFO  Moneycontrol:49 - 100000-Indian rupees
  2024-04-25 12:40:53 INFO  Moneycontrol:53 - calculate
  2024-04-25 12:40:53 INFO  Moneycontrol:58 - terminated
  2024-04-29 22:15:21 INFO  Moneycontrol:26 - open URL
  2024-05-01 12:30:16 INFO  Moneycontrol:26 - open URL
  2024-05-01 12:30:58 INFO  Moneycontrol:26 - open URL
  2024-05-01 12:31:02 WARN  Moneycontrol:30 - Wait for 3 sec
  2024-05-01 12:31:21 INFO  Moneycontrol:32 - Reliance industries
  2024-05-01 12:31:24 WARN  Moneycontrol:37 - Wait for 3 sec
  2024-05-01 12:31:28 INFO  Moneycontrol:39 - SIP return
  2024-05-01 12:31:30 INFO  Moneycontrol:43 - Axis Mutual Fund
  2024-05-01 12:31:33 INFO  Moneycontrol:47 - Axis Arbitrage Fund - Regular plan
  2024-05-01 12:31:33 INFO  Moneycontrol:49 - 100000-Indian rupees
  2024-05-01 12:31:35 INFO  Moneycontrol:53 - calculate
  2024-05-01 12:31:35 INFO  Moneycontrol:58 - terminated
  2024-05-02 00:58:10 INFO  Moneycontrol:26 - open URL
  